build/app/intermediates/manifest_merge_blame_file/debug/manifest-merger-blame-debug-report.txt
1<?xml version="1.0" encoding="utf-8"?>
2<manifest xmlns:android="http://schemas.android.com/apk/res/android"
3    package="com.example.first_shopeproject"
4    android:versionCode="1"
5    android:versionName="1.0.0" >
6
7    <uses-sdk
8        android:minSdkVersion="21"
9        android:targetSdkVersion="33" />
10    <!--
11         The INTERNET permission is required for development. Specifically,
12         the Flutter tool needs it to communicate with the running application
13         to allow setting breakpoints, to provide hot reload, etc.
14    -->
15    <uses-permission android:name="android.permission.INTERNET" />
15-->src\debug\AndroidManifest.xml:7:5-66
15-->src\debug\AndroidManifest.xml:7:22-64
16    <uses-permission android:name="android.permission.ACCESS_NETWORK_STATE" />
16-->[com.google.firebase:firebase-auth:21.0.8] AndroidManifest.xml:24:5-79
16-->[com.google.firebase:firebase-auth:21.0.8] AndroidManifest.xml:24:22-76
17    <uses-permission android:name="android.permission.WAKE_LOCK" />
17-->[com.google.android.gms:play-services-measurement-api:21.1.1] AndroidManifest.xml:24:5-68
17-->[com.google.android.gms:play-services-measurement-api:21.1.1] AndroidManifest.xml:24:22-65
18    <uses-permission android:name="com.google.android.gms.permission.AD_ID" />
18-->[com.google.android.gms:play-services-measurement-api:21.1.1] AndroidManifest.xml:25:5-79
18-->[com.google.android.gms:play-services-measurement-api:21.1.1] AndroidManifest.xml:25:22-76
19    <uses-permission android:name="com.google.android.finsky.permission.BIND_GET_INSTALL_REFERRER_SERVICE" />
19-->[com.google.android.gms:play-services-measurement:21.1.1] AndroidManifest.xml:26:5-110
19-->[com.google.android.gms:play-services-measurement:21.1.1] AndroidManifest.xml:26:22-107
20
21    <application
22        android:name="android.app.Application"
23        android:appComponentFactory="androidx.core.app.CoreComponentFactory"
23-->[androidx.core:core:1.6.0] AndroidManifest.xml:24:18-86
24        android:debuggable="true"
25        android:icon="@mipmap/ic_launcher"
26        android:label="first_shopeproject" >
27        <activity
28            android:name="com.example.first_shopeproject.MainActivity"
29            android:configChanges="orientation|keyboardHidden|keyboard|screenSize|smallestScreenSize|locale|layoutDirection|fontScale|screenLayout|density|uiMode"
30            android:exported="true"
31            android:hardwareAccelerated="true"
32            android:launchMode="singleTop"
33            android:theme="@style/LaunchTheme"
34            android:windowSoftInputMode="adjustResize" >
35
36            <!--
37                 Specifies an Android theme to apply to this Activity as soon as
38                 the Android process has started. This theme is visible to the user
39                 while the Flutter UI initializes. After that, this theme continues
40                 to determine the Window background behind the Flutter UI.
41            -->
42            <meta-data
43                android:name="io.flutter.embedding.android.NormalTheme"
44                android:resource="@style/NormalTheme" />
45
46            <intent-filter>
47                <action android:name="android.intent.action.MAIN" />
48
49                <category android:name="android.intent.category.LAUNCHER" />
50            </intent-filter>
51        </activity>
52        <!--
53             Don't delete the meta-data below.
54             This is used by the Flutter tool to generate GeneratedPluginRegistrant.java
55        -->
56        <meta-data
57            android:name="flutterEmbedding"
58            android:value="2" />
59
60        <service
60-->[:firebase_auth] AndroidManifest.xml:10:9-14:19
61            android:name="com.google.firebase.components.ComponentDiscoveryService"
61-->[:firebase_auth] AndroidManifest.xml:10:18-89
62            android:directBootAware="true"
62-->[com.google.firebase:firebase-common:20.1.2] AndroidManifest.xml:35:13-43
63            android:exported="false" >
63-->[com.google.firebase:firebase-auth:21.0.8] AndroidManifest.xml:66:13-37
64            <meta-data
64-->[:firebase_auth] AndroidManifest.xml:11:13-13:85
65                android:name="com.google.firebase.components:io.flutter.plugins.firebase.auth.FlutterFirebaseAuthRegistrar"
65-->[:firebase_auth] AndroidManifest.xml:12:17-124
66                android:value="com.google.firebase.components.ComponentRegistrar" />
66-->[:firebase_auth] AndroidManifest.xml:13:17-82
67            <meta-data
67-->[:firebase_core] AndroidManifest.xml:11:13-13:85
68                android:name="com.google.firebase.components:io.flutter.plugins.firebase.core.FlutterFirebaseCoreRegistrar"
68-->[:firebase_core] AndroidManifest.xml:12:17-124
69                android:value="com.google.firebase.components.ComponentRegistrar" />
69-->[:firebase_core] AndroidManifest.xml:13:17-82
70            <meta-data
70-->[com.google.firebase:firebase-auth:21.0.8] AndroidManifest.xml:67:13-69:85
71                android:name="com.google.firebase.components:com.google.firebase.auth.FirebaseAuthRegistrar"
71-->[com.google.firebase:firebase-auth:21.0.8] AndroidManifest.xml:68:17-109
72                android:value="com.google.firebase.components.ComponentRegistrar" />
72-->[com.google.firebase:firebase-auth:21.0.8] AndroidManifest.xml:69:17-82
73            <meta-data
73-->[com.google.android.gms:play-services-measurement-api:21.1.1] AndroidManifest.xml:31:13-33:85
74                android:name="com.google.firebase.components:com.google.firebase.analytics.connector.internal.AnalyticsConnectorRegistrar"
74-->[com.google.android.gms:play-services-measurement-api:21.1.1] AndroidManifest.xml:32:17-139
75                android:value="com.google.firebase.components.ComponentRegistrar" />
75-->[com.google.android.gms:play-services-measurement-api:21.1.1] AndroidManifest.xml:33:17-82
76            <meta-data
76-->[com.google.firebase:firebase-installations:17.0.3] AndroidManifest.xml:18:13-20:85
77                android:name="com.google.firebase.components:com.google.firebase.installations.FirebaseInstallationsRegistrar"
77-->[com.google.firebase:firebase-installations:17.0.3] AndroidManifest.xml:19:17-127
78                android:value="com.google.firebase.components.ComponentRegistrar" />
78-->[com.google.firebase:firebase-installations:17.0.3] AndroidManifest.xml:20:17-82
79        </service>
80
81        <uses-library
81-->[androidx.window:window:1.0.0-beta04] AndroidManifest.xml:25:9-27:40
82            android:name="androidx.window.extensions"
82-->[androidx.window:window:1.0.0-beta04] AndroidManifest.xml:26:13-54
83            android:required="false" />
83-->[androidx.window:window:1.0.0-beta04] AndroidManifest.xml:27:13-37
84        <uses-library
84-->[androidx.window:window:1.0.0-beta04] AndroidManifest.xml:28:9-30:40
85            android:name="androidx.window.sidecar"
85-->[androidx.window:window:1.0.0-beta04] AndroidManifest.xml:29:13-51
86            android:required="false" />
86-->[androidx.window:window:1.0.0-beta04] AndroidManifest.xml:30:13-37
87
88        <activity
88-->[com.google.firebase:firebase-auth:21.0.8] AndroidManifest.xml:27:9-44:20
89            android:name="com.google.firebase.auth.internal.GenericIdpActivity"
89-->[com.google.firebase:firebase-auth:21.0.8] AndroidManifest.xml:28:13-80
90            android:excludeFromRecents="true"
90-->[com.google.firebase:firebase-auth:21.0.8] AndroidManifest.xml:29:13-46
91            android:exported="true"
91-->[com.google.firebase:firebase-auth:21.0.8] AndroidManifest.xml:30:13-36
92            android:launchMode="singleTask"
92-->[com.google.firebase:firebase-auth:21.0.8] AndroidManifest.xml:31:13-44
93            android:theme="@android:style/Theme.Translucent.NoTitleBar" >
93-->[com.google.firebase:firebase-auth:21.0.8] AndroidManifest.xml:32:13-72
94            <intent-filter>
94-->[com.google.firebase:firebase-auth:21.0.8] AndroidManifest.xml:33:13-43:29
95                <action android:name="android.intent.action.VIEW" />
95-->[com.google.firebase:firebase-auth:21.0.8] AndroidManifest.xml:34:17-69
95-->[com.google.firebase:firebase-auth:21.0.8] AndroidManifest.xml:34:25-66
96
97                <category android:name="android.intent.category.DEFAULT" />
97-->[com.google.firebase:firebase-auth:21.0.8] AndroidManifest.xml:36:17-76
97-->[com.google.firebase:firebase-auth:21.0.8] AndroidManifest.xml:36:27-73
98                <category android:name="android.intent.category.BROWSABLE" />
98-->[com.google.firebase:firebase-auth:21.0.8] AndroidManifest.xml:37:17-78
98-->[com.google.firebase:firebase-auth:21.0.8] AndroidManifest.xml:37:27-75
99
100                <data
100-->[com.google.firebase:firebase-auth:21.0.8] AndroidManifest.xml:39:17-42:51
101                    android:host="firebase.auth"
101-->[com.google.firebase:firebase-auth:21.0.8] AndroidManifest.xml:40:21-49
102                    android:path="/"
102-->[com.google.firebase:firebase-auth:21.0.8] AndroidManifest.xml:41:21-37
103                    android:scheme="genericidp" />
103-->[com.google.firebase:firebase-auth:21.0.8] AndroidManifest.xml:42:21-48
104            </intent-filter>
105        </activity>
106        <activity
106-->[com.google.firebase:firebase-auth:21.0.8] AndroidManifest.xml:45:9-62:20
107            android:name="com.google.firebase.auth.internal.RecaptchaActivity"
107-->[com.google.firebase:firebase-auth:21.0.8] AndroidManifest.xml:46:13-79
108            android:excludeFromRecents="true"
108-->[com.google.firebase:firebase-auth:21.0.8] AndroidManifest.xml:47:13-46
109            android:exported="true"
109-->[com.google.firebase:firebase-auth:21.0.8] AndroidManifest.xml:48:13-36
110            android:launchMode="singleTask"
110-->[com.google.firebase:firebase-auth:21.0.8] AndroidManifest.xml:49:13-44
111            android:theme="@android:style/Theme.Translucent.NoTitleBar" >
111-->[com.google.firebase:firebase-auth:21.0.8] AndroidManifest.xml:50:13-72
112            <intent-filter>
112-->[com.google.firebase:firebase-auth:21.0.8] AndroidManifest.xml:51:13-61:29
113                <action android:name="android.intent.action.VIEW" />
113-->[com.google.firebase:firebase-auth:21.0.8] AndroidManifest.xml:34:17-69
113-->[com.google.firebase:firebase-auth:21.0.8] AndroidManifest.xml:34:25-66
114
115                <category android:name="android.intent.category.DEFAULT" />
115-->[com.google.firebase:firebase-auth:21.0.8] AndroidManifest.xml:36:17-76
115-->[com.google.firebase:firebase-auth:21.0.8] AndroidManifest.xml:36:27-73
116                <category android:name="android.intent.category.BROWSABLE" />
116-->[com.google.firebase:firebase-auth:21.0.8] AndroidManifest.xml:37:17-78
116-->[com.google.firebase:firebase-auth:21.0.8] AndroidManifest.xml:37:27-75
117
118                <data
118-->[com.google.firebase:firebase-auth:21.0.8] AndroidManifest.xml:39:17-42:51
119                    android:host="firebase.auth"
119-->[com.google.firebase:firebase-auth:21.0.8] AndroidManifest.xml:40:21-49
120                    android:path="/"
120-->[com.google.firebase:firebase-auth:21.0.8] AndroidManifest.xml:41:21-37
121                    android:scheme="recaptcha" />
121-->[com.google.firebase:firebase-auth:21.0.8] AndroidManifest.xml:42:21-48
122            </intent-filter>
123        </activity>
124
125        <provider
125-->[com.google.firebase:firebase-common:20.1.2] AndroidManifest.xml:26:9-31:39
126            android:name="com.google.firebase.provider.FirebaseInitProvider"
126-->[com.google.firebase:firebase-common:20.1.2] AndroidManifest.xml:27:13-77
127            android:authorities="com.example.first_shopeproject.firebaseinitprovider"
127-->[com.google.firebase:firebase-common:20.1.2] AndroidManifest.xml:28:13-72
128            android:directBootAware="true"
128-->[com.google.firebase:firebase-common:20.1.2] AndroidManifest.xml:29:13-43
129            android:exported="false"
129-->[com.google.firebase:firebase-common:20.1.2] AndroidManifest.xml:30:13-37
130            android:initOrder="100" />
130-->[com.google.firebase:firebase-common:20.1.2] AndroidManifest.xml:31:13-36
131
132        <activity
132-->[com.google.android.gms:play-services-auth:20.0.1] AndroidManifest.xml:23:9-27:75
133            android:name="com.google.android.gms.auth.api.signin.internal.SignInHubActivity"
133-->[com.google.android.gms:play-services-auth:20.0.1] AndroidManifest.xml:24:13-93
134            android:excludeFromRecents="true"
134-->[com.google.android.gms:play-services-auth:20.0.1] AndroidManifest.xml:25:13-46
135            android:exported="false"
135-->[com.google.android.gms:play-services-auth:20.0.1] AndroidManifest.xml:26:13-37
136            android:theme="@android:style/Theme.Translucent.NoTitleBar" />
136-->[com.google.android.gms:play-services-auth:20.0.1] AndroidManifest.xml:27:13-72
137        <!--
138            Service handling Google Sign-In user revocation. For apps that do not integrate with
139            Google Sign-In, this service will never be started.
140        -->
141        <service
141-->[com.google.android.gms:play-services-auth:20.0.1] AndroidManifest.xml:33:9-37:51
142            android:name="com.google.android.gms.auth.api.signin.RevocationBoundService"
142-->[com.google.android.gms:play-services-auth:20.0.1] AndroidManifest.xml:34:13-89
143            android:exported="true"
143-->[com.google.android.gms:play-services-auth:20.0.1] AndroidManifest.xml:35:13-36
144            android:permission="com.google.android.gms.auth.api.signin.permission.REVOCATION_NOTIFICATION"
144-->[com.google.android.gms:play-services-auth:20.0.1] AndroidManifest.xml:36:13-107
145            android:visibleToInstantApps="true" />
145-->[com.google.android.gms:play-services-auth:20.0.1] AndroidManifest.xml:37:13-48
146
147        <receiver
147-->[com.google.android.gms:play-services-measurement:21.1.1] AndroidManifest.xml:29:9-33:20
148            android:name="com.google.android.gms.measurement.AppMeasurementReceiver"
148-->[com.google.android.gms:play-services-measurement:21.1.1] AndroidManifest.xml:30:13-85
149            android:enabled="true"
149-->[com.google.android.gms:play-services-measurement:21.1.1] AndroidManifest.xml:31:13-35
150            android:exported="false" >
150-->[com.google.android.gms:play-services-measurement:21.1.1] AndroidManifest.xml:32:13-37
151        </receiver>
152
153        <service
153-->[com.google.android.gms:play-services-measurement:21.1.1] AndroidManifest.xml:35:9-38:40
154            android:name="com.google.android.gms.measurement.AppMeasurementService"
154-->[com.google.android.gms:play-services-measurement:21.1.1] AndroidManifest.xml:36:13-84
155            android:enabled="true"
155-->[com.google.android.gms:play-services-measurement:21.1.1] AndroidManifest.xml:37:13-35
156            android:exported="false" />
156-->[com.google.android.gms:play-services-measurement:21.1.1] AndroidManifest.xml:38:13-37
157        <service
157-->[com.google.android.gms:play-services-measurement:21.1.1] AndroidManifest.xml:39:9-43:72
158            android:name="com.google.android.gms.measurement.AppMeasurementJobService"
158-->[com.google.android.gms:play-services-measurement:21.1.1] AndroidManifest.xml:40:13-87
159            android:enabled="true"
159-->[com.google.android.gms:play-services-measurement:21.1.1] AndroidManifest.xml:41:13-35
160            android:exported="false"
160-->[com.google.android.gms:play-services-measurement:21.1.1] AndroidManifest.xml:42:13-37
161            android:permission="android.permission.BIND_JOB_SERVICE" />
161-->[com.google.android.gms:play-services-measurement:21.1.1] AndroidManifest.xml:43:13-69
162
163        <activity
163-->[com.google.android.gms:play-services-base:18.0.1] AndroidManifest.xml:20:9-22:45
164            android:name="com.google.android.gms.common.api.GoogleApiActivity"
164-->[com.google.android.gms:play-services-base:18.0.1] AndroidManifest.xml:20:19-85
165            android:exported="false"
165-->[com.google.android.gms:play-services-base:18.0.1] AndroidManifest.xml:22:19-43
166            android:theme="@android:style/Theme.Translucent.NoTitleBar" />
166-->[com.google.android.gms:play-services-base:18.0.1] AndroidManifest.xml:21:19-78
167
168        <meta-data
168-->[com.google.android.gms:play-services-basement:18.1.0] AndroidManifest.xml:21:9-23:69
169            android:name="com.google.android.gms.version"
169-->[com.google.android.gms:play-services-basement:18.1.0] AndroidManifest.xml:22:13-58
170            android:value="@integer/google_play_services_version" />
170-->[com.google.android.gms:play-services-basement:18.1.0] AndroidManifest.xml:23:13-66
171    </application>
172
173</manifest>